<?xml version="1.0" encoding="UTF-8"?>
<!-- Generated by org.testng.reporters.JUnitReportReporter -->
<testsuite skipped="0" hostname="Irsalinas-MBP" name="searchJakarta.maps.TestSearchJakarta" tests="2" failures="0" timestamp="2020-07-26T14:14:19 CEST" time="30.350" errors="0">
  <testcase name="findJakarta" time="18.268" classname="searchJakarta.maps.TestSearchJakarta"/>
  <system-out/>
  <testcase name="zoomLocation" time="12.082" classname="searchJakarta.maps.TestSearchJakarta"/>
  <system-out/>
</testsuite> <!-- searchJakarta.maps.TestSearchJakarta -->
