<?xml version="1.0" encoding="UTF-8"?>
<!-- Generated by org.testng.reporters.JUnitReportReporter -->
<testsuite skipped="0" hostname="Irsalinas-MBP" name="searchJakarta.maps.TestSearchJakarta" tests="2" failures="0" timestamp="2020-07-26T13:19:58 CEST" time="30.662" errors="0">
  <testcase name="findJakarta" time="22.170" classname="searchJakarta.maps.TestSearchJakarta"/>
  <system-out/>
  <testcase name="zoomLocation" time="8.492" classname="searchJakarta.maps.TestSearchJakarta"/>
  <system-out/>
</testsuite> <!-- searchJakarta.maps.TestSearchJakarta -->
